Determining if the __GLIBC__ exist failed with the following output:
Change Dir: /Volumes/T7/code/raycast/build/CMakeFiles/CMakeScratch/TryCompile-WYeODV

Run Build Command(s):/usr/bin/make -f Makefile cmTC_5be44/fast && /Applications/Xcode.app/Contents/Developer/usr/bin/make  -f CMakeFiles/cmTC_5be44.dir/build.make CMakeFiles/cmTC_5be44.dir/build
Building C object CMakeFiles/cmTC_5be44.dir/CheckSymbolExists.c.o
/Applications/Xcode.app/Contents/Developer/Toolchains/XcodeDefault.xctoolchain/usr/bin/cc   -arch arm64 -isysroot /Applications/Xcode.app/Contents/Developer/Platforms/MacOSX.platform/Developer/SDKs/MacOSX13.1.sdk -mmacosx-version-min=12.6 -MD -MT CMakeFiles/cmTC_5be44.dir/CheckSymbolExists.c.o -MF CMakeFiles/cmTC_5be44.dir/CheckSymbolExists.c.o.d -o CMakeFiles/cmTC_5be44.dir/CheckSymbolExists.c.o -c /Volumes/T7/code/raycast/build/CMakeFiles/CMakeScratch/TryCompile-WYeODV/CheckSymbolExists.c
/Volumes/T7/code/raycast/build/CMakeFiles/CMakeScratch/TryCompile-WYeODV/CheckSymbolExists.c:8:19: error: use of undeclared identifier '__GLIBC__'
  return ((int*)(&__GLIBC__))[argc];
                  ^
1 error generated.
make[1]: *** [CMakeFiles/cmTC_5be44.dir/CheckSymbolExists.c.o] Error 1
make: *** [cmTC_5be44/fast] Error 2


File CheckSymbolExists.c:
/* */
#include <stdlib.h>

int main(int argc, char** argv)
{
  (void)argv;
#ifndef __GLIBC__
  return ((int*)(&__GLIBC__))[argc];
#else
  (void)argc;
  return 0;
#endif
}
Performing C SOURCE FILE Test CHECK_CPU_ARCHITECTURE_X86 failed with the following output:
Change Dir: /Volumes/T7/code/raycast/build/CMakeFiles/CMakeScratch/TryCompile-qsMfUc

Run Build Command(s):/usr/bin/make -f Makefile cmTC_4a83c/fast && /Applications/Xcode.app/Contents/Developer/usr/bin/make  -f CMakeFiles/cmTC_4a83c.dir/build.make CMakeFiles/cmTC_4a83c.dir/build
Building C object CMakeFiles/cmTC_4a83c.dir/src.c.o
/Applications/Xcode.app/Contents/Developer/Toolchains/XcodeDefault.xctoolchain/usr/bin/cc -DCHECK_CPU_ARCHITECTURE_X86  -arch arm64 -isysroot /Applications/Xcode.app/Contents/Developer/Platforms/MacOSX.platform/Developer/SDKs/MacOSX13.1.sdk -mmacosx-version-min=12.6 -MD -MT CMakeFiles/cmTC_4a83c.dir/src.c.o -MF CMakeFiles/cmTC_4a83c.dir/src.c.o.d -o CMakeFiles/cmTC_4a83c.dir/src.c.o -c /Volumes/T7/code/raycast/build/CMakeFiles/CMakeScratch/TryCompile-qsMfUc/src.c
/Volumes/T7/code/raycast/build/CMakeFiles/CMakeScratch/TryCompile-qsMfUc/src.c:6:3: error: use of undeclared identifier 'choke'
  choke
  ^
1 error generated.
make[1]: *** [CMakeFiles/cmTC_4a83c.dir/src.c.o] Error 1
make: *** [cmTC_4a83c/fast] Error 2


Source file was:

int main(int argc, char *argv[]) {
#if defined(__i386__) || defined(__i486__) || defined(__i586__) || defined(__i686__) ||defined( __i386) || defined(_M_IX86)
  return 0;
#else
  choke
#endif
}


Performing C SOURCE FILE Test CHECK_CPU_ARCHITECTURE_X64 failed with the following output:
Change Dir: /Volumes/T7/code/raycast/build/CMakeFiles/CMakeScratch/TryCompile-Ujuj74

Run Build Command(s):/usr/bin/make -f Makefile cmTC_09eef/fast && /Applications/Xcode.app/Contents/Developer/usr/bin/make  -f CMakeFiles/cmTC_09eef.dir/build.make CMakeFiles/cmTC_09eef.dir/build
Building C object CMakeFiles/cmTC_09eef.dir/src.c.o
/Applications/Xcode.app/Contents/Developer/Toolchains/XcodeDefault.xctoolchain/usr/bin/cc -DCHECK_CPU_ARCHITECTURE_X64  -arch arm64 -isysroot /Applications/Xcode.app/Contents/Developer/Platforms/MacOSX.platform/Developer/SDKs/MacOSX13.1.sdk -mmacosx-version-min=12.6 -MD -MT CMakeFiles/cmTC_09eef.dir/src.c.o -MF CMakeFiles/cmTC_09eef.dir/src.c.o.d -o CMakeFiles/cmTC_09eef.dir/src.c.o -c /Volumes/T7/code/raycast/build/CMakeFiles/CMakeScratch/TryCompile-Ujuj74/src.c
/Volumes/T7/code/raycast/build/CMakeFiles/CMakeScratch/TryCompile-Ujuj74/src.c:6:3: error: use of undeclared identifier 'choke'
  choke
  ^
1 error generated.
make[1]: *** [CMakeFiles/cmTC_09eef.dir/src.c.o] Error 1
make: *** [cmTC_09eef/fast] Error 2


Source file was:

int main(int argc, char *argv[]) {
#if defined(__amd64__) || defined(__amd64) || defined(__x86_64__) || defined(__x86_64) || defined(_M_X64) || defined(_M_AMD64)
  return 0;
#else
  choke
#endif
}


Performing C SOURCE FILE Test CHECK_CPU_ARCHITECTURE_ARM32 failed with the following output:
Change Dir: /Volumes/T7/code/raycast/build/CMakeFiles/CMakeScratch/TryCompile-BSsjNN

Run Build Command(s):/usr/bin/make -f Makefile cmTC_ad5bf/fast && /Applications/Xcode.app/Contents/Developer/usr/bin/make  -f CMakeFiles/cmTC_ad5bf.dir/build.make CMakeFiles/cmTC_ad5bf.dir/build
Building C object CMakeFiles/cmTC_ad5bf.dir/src.c.o
/Applications/Xcode.app/Contents/Developer/Toolchains/XcodeDefault.xctoolchain/usr/bin/cc -DCHECK_CPU_ARCHITECTURE_ARM32  -arch arm64 -isysroot /Applications/Xcode.app/Contents/Developer/Platforms/MacOSX.platform/Developer/SDKs/MacOSX13.1.sdk -mmacosx-version-min=12.6 -MD -MT CMakeFiles/cmTC_ad5bf.dir/src.c.o -MF CMakeFiles/cmTC_ad5bf.dir/src.c.o.d -o CMakeFiles/cmTC_ad5bf.dir/src.c.o -c /Volumes/T7/code/raycast/build/CMakeFiles/CMakeScratch/TryCompile-BSsjNN/src.c
/Volumes/T7/code/raycast/build/CMakeFiles/CMakeScratch/TryCompile-BSsjNN/src.c:6:3: error: use of undeclared identifier 'choke'
  choke
  ^
1 error generated.
make[1]: *** [CMakeFiles/cmTC_ad5bf.dir/src.c.o] Error 1
make: *** [cmTC_ad5bf/fast] Error 2


Source file was:

int main(int argc, char *argv[]) {
#if defined(__arm__) || defined(_M_ARM)
  return 0;
#else
  choke
#endif
}


Performing C SOURCE FILE Test CHECK_CPU_ARCHITECTURE_LOONGARCH64 failed with the following output:
Change Dir: /Volumes/T7/code/raycast/build/CMakeFiles/CMakeScratch/TryCompile-Q7O3Vz

Run Build Command(s):/usr/bin/make -f Makefile cmTC_1764c/fast && /Applications/Xcode.app/Contents/Developer/usr/bin/make  -f CMakeFiles/cmTC_1764c.dir/build.make CMakeFiles/cmTC_1764c.dir/build
Building C object CMakeFiles/cmTC_1764c.dir/src.c.o
/Applications/Xcode.app/Contents/Developer/Toolchains/XcodeDefault.xctoolchain/usr/bin/cc -DCHECK_CPU_ARCHITECTURE_LOONGARCH64  -arch arm64 -isysroot /Applications/Xcode.app/Contents/Developer/Platforms/MacOSX.platform/Developer/SDKs/MacOSX13.1.sdk -mmacosx-version-min=12.6 -MD -MT CMakeFiles/cmTC_1764c.dir/src.c.o -MF CMakeFiles/cmTC_1764c.dir/src.c.o.d -o CMakeFiles/cmTC_1764c.dir/src.c.o -c /Volumes/T7/code/raycast/build/CMakeFiles/CMakeScratch/TryCompile-Q7O3Vz/src.c
/Volumes/T7/code/raycast/build/CMakeFiles/CMakeScratch/TryCompile-Q7O3Vz/src.c:6:3: error: use of undeclared identifier 'choke'
  choke
  ^
1 error generated.
make[1]: *** [CMakeFiles/cmTC_1764c.dir/src.c.o] Error 1
make: *** [cmTC_1764c/fast] Error 2


Source file was:

int main(int argc, char *argv[]) {
#if defined(__loongarch64)
  return 0;
#else
  choke
#endif
}


Performing C SOURCE FILE Test HAVE_GCC_PREFERRED_STACK_BOUNDARY failed with the following output:
Change Dir: /Volumes/T7/code/raycast/build/CMakeFiles/CMakeScratch/TryCompile-xq2MUJ

Run Build Command(s):/usr/bin/make -f Makefile cmTC_74388/fast && /Applications/Xcode.app/Contents/Developer/usr/bin/make  -f CMakeFiles/cmTC_74388.dir/build.make CMakeFiles/cmTC_74388.dir/build
Building C object CMakeFiles/cmTC_74388.dir/src.c.o
/Applications/Xcode.app/Contents/Developer/Toolchains/XcodeDefault.xctoolchain/usr/bin/cc -DHAVE_GCC_PREFERRED_STACK_BOUNDARY  -idirafter "/Volumes/T7/code/raycast/external/SDL/src/video/khronos" -mpreferred-stack-boundary=2 -arch arm64 -isysroot /Applications/Xcode.app/Contents/Developer/Platforms/MacOSX.platform/Developer/SDKs/MacOSX13.1.sdk -mmacosx-version-min=12.6 -MD -MT CMakeFiles/cmTC_74388.dir/src.c.o -MF CMakeFiles/cmTC_74388.dir/src.c.o.d -o CMakeFiles/cmTC_74388.dir/src.c.o -c /Volumes/T7/code/raycast/build/CMakeFiles/CMakeScratch/TryCompile-xq2MUJ/src.c
clang: error: unknown argument: '-mpreferred-stack-boundary=2'
make[1]: *** [CMakeFiles/cmTC_74388.dir/src.c.o] Error 1
make: *** [cmTC_74388/fast] Error 2


Source file was:
int x = 0; int main(int argc, char **argv) { return 0; }

Determining if the include file immintrin.h exists failed with the following output:
Change Dir: /Volumes/T7/code/raycast/build/CMakeFiles/CMakeScratch/TryCompile-zatVhS

Run Build Command(s):/usr/bin/make -f Makefile cmTC_47e94/fast && /Applications/Xcode.app/Contents/Developer/usr/bin/make  -f CMakeFiles/cmTC_47e94.dir/build.make CMakeFiles/cmTC_47e94.dir/build
Building C object CMakeFiles/cmTC_47e94.dir/CheckIncludeFile.c.o
/Applications/Xcode.app/Contents/Developer/Toolchains/XcodeDefault.xctoolchain/usr/bin/cc   -idirafter "/Volumes/T7/code/raycast/external/SDL/src/video/khronos"  -arch arm64 -isysroot /Applications/Xcode.app/Contents/Developer/Platforms/MacOSX.platform/Developer/SDKs/MacOSX13.1.sdk -mmacosx-version-min=12.6 -MD -MT CMakeFiles/cmTC_47e94.dir/CheckIncludeFile.c.o -MF CMakeFiles/cmTC_47e94.dir/CheckIncludeFile.c.o.d -o CMakeFiles/cmTC_47e94.dir/CheckIncludeFile.c.o -c /Volumes/T7/code/raycast/build/CMakeFiles/CMakeScratch/TryCompile-zatVhS/CheckIncludeFile.c
In file included from /Volumes/T7/code/raycast/build/CMakeFiles/CMakeScratch/TryCompile-zatVhS/CheckIncludeFile.c:1:
/Applications/Xcode.app/Contents/Developer/Toolchains/XcodeDefault.xctoolchain/usr/lib/clang/14.0.0/include/immintrin.h:14:2: error: "This header is only meant to be used on x86 and x64 architecture"
#error "This header is only meant to be used on x86 and x64 architecture"
 ^
In file included from /Volumes/T7/code/raycast/build/CMakeFiles/CMakeScratch/TryCompile-zatVhS/CheckIncludeFile.c:1:
In file included from /Applications/Xcode.app/Contents/Developer/Toolchains/XcodeDefault.xctoolchain/usr/lib/clang/14.0.0/include/immintrin.h:17:
In file included from /Applications/Xcode.app/Contents/Developer/Toolchains/XcodeDefault.xctoolchain/usr/lib/clang/14.0.0/include/x86gprintrin.h:15:
/Applications/Xcode.app/Contents/Developer/Toolchains/XcodeDefault.xctoolchain/usr/lib/clang/14.0.0/include/hresetintrin.h:42:27: error: invalid input constraint 'a' in asm
  __asm__ ("hreset $0" :: "a"(__eax));
                          ^
In file included from /Volumes/T7/code/raycast/build/CMakeFiles/CMakeScratch/TryCompile-zatVhS/CheckIncludeFile.c:1:
In file included from /Applications/Xcode.app/Contents/Developer/Toolchains/XcodeDefault.xctoolchain/usr/lib/clang/14.0.0/include/immintrin.h:21:
/Applications/Xcode.app/Contents/Developer/Toolchains/XcodeDefault.xctoolchain/usr/lib/clang/14.0.0/include/mmintrin.h:14:2: error: "This header is only meant to be used on x86 and x64 architecture"
#error "This header is only meant to be used on x86 and x64 architecture"
 ^
/Applications/Xcode.app/Contents/Developer/Toolchains/XcodeDefault.xctoolchain/usr/lib/clang/14.0.0/include/mmintrin.h:54:12: error: invalid conversion between vector type '__m64' (vector of 1 'long long' value) and integer type 'int' of different size
    return (__m64)__builtin_ia32_vec_init_v2si(__i, 0);
           ^~~~~~~~~~~~~~~~~~~~~~~~~~~~~~~~~~~~~~~~~~~
/Applications/Xcode.app/Contents/Developer/Toolchains/XcodeDefault.xctoolchain/usr/lib/clang/14.0.0/include/mmintrin.h:133:12: error: invalid conversion between vector type '__m64' (vector of 1 'long long' value) and integer type 'int' of different size
    return (__m64)__builtin_ia32_packsswb((__v4hi)__m1, (__v4hi)__m2);
           ^~~~~~~~~~~~~~~~~~~~~~~~~~~~~~~~~~~~~~~~~~~~~~~~~~~~~~~~~~
/Applications/Xcode.app/Contents/Developer/Toolchains/XcodeDefault.xctoolchain/usr/lib/clang/14.0.0/include/mmintrin.h:163:12: error: invalid conversion between vector type '__m64' (vector of 1 'long long' value) and integer type 'int' of different size
    return (__m64)__builtin_ia32_packssdw((__v2si)__m1, (__v2si)__m2);
           ^~~~~~~~~~~~~~~~~~~~~~~~~~~~~~~~~~~~~~~~~~~~~~~~~~~~~~~~~~
/Applications/Xcode.app/Contents/Developer/Toolchains/XcodeDefault.xctoolchain/usr/lib/clang/14.0.0/include/mmintrin.h:193:12: error: invalid conversion between vector type '__m64' (vector of 1 'long long' value) and integer type 'int' of different size
    return (__m64)__builtin_ia32_packuswb((__v4hi)__m1, (__v4hi)__m2);
           ^~~~~~~~~~~~~~~~~~~~~~~~~~~~~~~~~~~~~~~~~~~~~~~~~~~~~~~~~~
/Applications/Xcode.app/Contents/Developer/Toolchains/XcodeDefault.xctoolchain/usr/lib/clang/14.0.0/include/mmintrin.h:220:12: error: invalid conversion between vector type '__m64' (vector of 1 'long long' value) and integer type 'int' of different size
    return (__m64)__builtin_ia32_punpckhbw((__v8qi)__m1, (__v8qi)__m2);
           ^~~~~~~~~~~~~~~~~~~~~~~~~~~~~~~~~~~~~~~~~~~~~~~~~~~~~~~~~~~
/Applications/Xcode.app/Contents/Developer/Toolchains/XcodeDefault.xctoolchain/usr/lib/clang/14.0.0/include/mmintrin.h:243:12: error: invalid conversion between vector type '__m64' (vector of 1 'long long' value) and integer type 'int' of different size
    return (__m64)__builtin_ia32_punpckhwd((__v4hi)__m1, (__v4hi)__m2);
           ^~~~~~~~~~~~~~~~~~~~~~~~~~~~~~~~~~~~~~~~~~~~~~~~~~~~~~~~~~~
/Applications/Xcode.app/Contents/Developer/Toolchains/XcodeDefault.xctoolchain/usr/lib/clang/14.0.0/include/mmintrin.h:264:12: error: invalid conversion between vector type '__m64' (vector of 1 'long long' value) and integer type 'int' of different size
    return (__m64)__builtin_ia32_punpckhdq((__v2si)__m1, (__v2si)__m2);
           ^~~~~~~~~~~~~~~~~~~~~~~~~~~~~~~~~~~~~~~~~~~~~~~~~~~~~~~~~~~
/Applications/Xcode.app/Contents/Developer/Toolchains/XcodeDefault.xctoolchain/usr/lib/clang/14.0.0/include/mmintrin.h:291:12: error: invalid conversion between vector type '__m64' (vector of 1 'long long' value) and integer type 'int' of different size
    return (__m64)__builtin_ia32_punpcklbw((__v8qi)__m1, (__v8qi)__m2);
           ^~~~~~~~~~~~~~~~~~~~~~~~~~~~~~~~~~~~~~~~~~~~~~~~~~~~~~~~~~~
/Applications/Xcode.app/Contents/Developer/Toolchains/XcodeDefault.xctoolchain/usr/lib/clang/14.0.0/include/mmintrin.h:314:12: error: invalid conversion between vector type '__m64' (vector of 1 'long long' value) and integer type 'int' of different size
    return (__m64)__builtin_ia32_punpcklwd((__v4hi)__m1, (__v4hi)__m2);
           ^~~~~~~~~~~~~~~~~~~~~~~~~~~~~~~~~~~~~~~~~~~~~~~~~~~~~~~~~~~
/Applications/Xcode.app/Contents/Developer/Toolchains/XcodeDefault.xctoolchain/usr/lib/clang/14.0.0/include/mmintrin.h:335:12: error: invalid conversion between vector type '__m64' (vector of 1 'long long' value) and integer type 'int' of different size
    return (__m64)__builtin_ia32_punpckldq((__v2si)__m1, (__v2si)__m2);
           ^~~~~~~~~~~~~~~~~~~~~~~~~~~~~~~~~~~~~~~~~~~~~~~~~~~~~~~~~~~
/Applications/Xcode.app/Contents/Developer/Toolchains/XcodeDefault.xctoolchain/usr/lib/clang/14.0.0/include/mmintrin.h:356:12: error: invalid conversion between vector type '__m64' (vector of 1 'long long' value) and integer type 'int' of different size
    return (__m64)__builtin_ia32_paddb((__v8qi)__m1, (__v8qi)__m2);
           ^~~~~~~~~~~~~~~~~~~~~~~~~~~~~~~~~~~~~~~~~~~~~~~~~~~~~~~
/Applications/Xcode.app/Contents/Developer/Toolchains/XcodeDefault.xctoolchain/usr/lib/clang/14.0.0/include/mmintrin.h:377:12: error: invalid conversion between vector type '__m64' (vector of 1 'long long' value) and integer type 'int' of different size
    return (__m64)__builtin_ia32_paddw((__v4hi)__m1, (__v4hi)__m2);
           ^~~~~~~~~~~~~~~~~~~~~~~~~~~~~~~~~~~~~~~~~~~~~~~~~~~~~~~
/Applications/Xcode.app/Contents/Developer/Toolchains/XcodeDefault.xctoolchain/usr/lib/clang/14.0.0/include/mmintrin.h:398:12: error: invalid conversion between vector type '__m64' (vector of 1 'long long' value) and integer type 'int' of different size
    return (__m64)__builtin_ia32_paddd((__v2si)__m1, (__v2si)__m2);
           ^~~~~~~~~~~~~~~~~~~~~~~~~~~~~~~~~~~~~~~~~~~~~~~~~~~~~~~
/Applications/Xcode.app/Contents/Developer/Toolchains/XcodeDefault.xctoolchain/usr/lib/clang/14.0.0/include/mmintrin.h:420:12: error: invalid conversion between vector type '__m64' (vector of 1 'long long' value) and integer type 'int' of different size
    return (__m64)__builtin_ia32_paddsb((__v8qi)__m1, (__v8qi)__m2);
           ^~~~~~~~~~~~~~~~~~~~~~~~~~~~~~~~~~~~~~~~~~~~~~~~~~~~~~~~
/Applications/Xcode.app/Contents/Developer/Toolchains/XcodeDefault.xctoolchain/usr/lib/clang/14.0.0/include/mmintrin.h:443:12: error: invalid conversion between vector type '__m64' (vector of 1 'long long' value) and integer type 'int' of different size
    return (__m64)__builtin_ia32_paddsw((__v4hi)__m1, (__v4hi)__m2);
           ^~~~~~~~~~~~~~~~~~~~~~~~~~~~~~~~~~~~~~~~~~~~~~~~~~~~~~~~
/Applications/Xcode.app/Contents/Developer/Toolchains/XcodeDefault.xctoolchain/usr/lib/clang/14.0.0/include/mmintrin.h:465:12: error: invalid conversion between vector type '__m64' (vector of 1 'long long' value) and integer type 'int' of different size
    return (__m64)__builtin_ia32_paddusb((__v8qi)__m1, (__v8qi)__m2);
           ^~~~~~~~~~~~~~~~~~~~~~~~~~~~~~~~~~~~~~~~~~~~~~~~~~~~~~~~~
fatal error: too many errors emitted, stopping now [-ferror-limit=]
20 errors generated.
make[1]: *** [CMakeFiles/cmTC_47e94.dir/CheckIncludeFile.c.o] Error 1
make: *** [cmTC_47e94/fast] Error 2



Performing C SOURCE FILE Test HAVE_ALTIVEC_H_HDR failed with the following output:
Change Dir: /Volumes/T7/code/raycast/build/CMakeFiles/CMakeScratch/TryCompile-5jpbAq

Run Build Command(s):/usr/bin/make -f Makefile cmTC_b152b/fast && /Applications/Xcode.app/Contents/Developer/usr/bin/make  -f CMakeFiles/cmTC_b152b.dir/build.make CMakeFiles/cmTC_b152b.dir/build
Building C object CMakeFiles/cmTC_b152b.dir/src.c.o
/Applications/Xcode.app/Contents/Developer/Toolchains/XcodeDefault.xctoolchain/usr/bin/cc -DHAVE_ALTIVEC_H_HDR  -idirafter "/Volumes/T7/code/raycast/external/SDL/src/video/khronos" -maltivec -arch arm64 -isysroot /Applications/Xcode.app/Contents/Developer/Platforms/MacOSX.platform/Developer/SDKs/MacOSX13.1.sdk -mmacosx-version-min=12.6 -MD -MT CMakeFiles/cmTC_b152b.dir/src.c.o -MF CMakeFiles/cmTC_b152b.dir/src.c.o.d -o CMakeFiles/cmTC_b152b.dir/src.c.o -c /Volumes/T7/code/raycast/build/CMakeFiles/CMakeScratch/TryCompile-5jpbAq/src.c
clang: warning: argument unused during compilation: '-maltivec' [-Wunused-command-line-argument]
In file included from /Volumes/T7/code/raycast/build/CMakeFiles/CMakeScratch/TryCompile-5jpbAq/src.c:2:
/Applications/Xcode.app/Contents/Developer/Toolchains/XcodeDefault.xctoolchain/usr/lib/clang/14.0.0/include/altivec.h:13:2: error: "AltiVec support not enabled"
#error "AltiVec support not enabled"
 ^
/Applications/Xcode.app/Contents/Developer/Toolchains/XcodeDefault.xctoolchain/usr/lib/clang/14.0.0/include/altivec.h:46:19: error: unknown type name 'vector'
static __inline__ vector signed char __ATTRS_o_ai vec_perm(
                  ^
/Applications/Xcode.app/Contents/Developer/Toolchains/XcodeDefault.xctoolchain/usr/lib/clang/14.0.0/include/altivec.h:47:5: error: unknown type name 'vector'
    vector signed char __a, vector signed char __b, vector unsigned char __c);
    ^
/Applications/Xcode.app/Contents/Developer/Toolchains/XcodeDefault.xctoolchain/usr/lib/clang/14.0.0/include/altivec.h:47:29: error: unknown type name 'vector'
    vector signed char __a, vector signed char __b, vector unsigned char __c);
                            ^
/Applications/Xcode.app/Contents/Developer/Toolchains/XcodeDefault.xctoolchain/usr/lib/clang/14.0.0/include/altivec.h:47:53: error: unknown type name 'vector'
    vector signed char __a, vector signed char __b, vector unsigned char __c);
                                                    ^
/Applications/Xcode.app/Contents/Developer/Toolchains/XcodeDefault.xctoolchain/usr/lib/clang/14.0.0/include/altivec.h:49:19: error: unknown type name 'vector'
static __inline__ vector unsigned char __ATTRS_o_ai
                  ^
/Applications/Xcode.app/Contents/Developer/Toolchains/XcodeDefault.xctoolchain/usr/lib/clang/14.0.0/include/altivec.h:50:10: error: unknown type name 'vector'
vec_perm(vector unsigned char __a, vector unsigned char __b,
         ^
/Applications/Xcode.app/Contents/Developer/Toolchains/XcodeDefault.xctoolchain/usr/lib/clang/14.0.0/include/altivec.h:50:36: error: unknown type name 'vector'
vec_perm(vector unsigned char __a, vector unsigned char __b,
                                   ^
/Applications/Xcode.app/Contents/Developer/Toolchains/XcodeDefault.xctoolchain/usr/lib/clang/14.0.0/include/altivec.h:51:10: error: unknown type name 'vector'
         vector unsigned char __c);
         ^
/Applications/Xcode.app/Contents/Developer/Toolchains/XcodeDefault.xctoolchain/usr/lib/clang/14.0.0/include/altivec.h:53:19: error: unknown type name 'vector'
static __inline__ vector bool char __ATTRS_o_ai
                  ^
/Applications/Xcode.app/Contents/Developer/Toolchains/XcodeDefault.xctoolchain/usr/lib/clang/14.0.0/include/altivec.h:53:8: error: 'inline' can only appear on functions
static __inline__ vector bool char __ATTRS_o_ai
       ^
/Applications/Xcode.app/Contents/Developer/Toolchains/XcodeDefault.xctoolchain/usr/lib/clang/14.0.0/include/altivec.h:53:30: error: expected ';' after top level declarator
static __inline__ vector bool char __ATTRS_o_ai
                             ^
/Applications/Xcode.app/Contents/Developer/Toolchains/XcodeDefault.xctoolchain/usr/lib/clang/14.0.0/include/altivec.h:54:10: error: unknown type name 'vector'
vec_perm(vector bool char __a, vector bool char __b, vector unsigned char __c);
         ^
/Applications/Xcode.app/Contents/Developer/Toolchains/XcodeDefault.xctoolchain/usr/lib/clang/14.0.0/include/altivec.h:54:22: error: expected ')'
vec_perm(vector bool char __a, vector bool char __b, vector unsigned char __c);
                     ^
/Applications/Xcode.app/Contents/Developer/Toolchains/XcodeDefault.xctoolchain/usr/lib/clang/14.0.0/include/altivec.h:54:9: note: to match this '('
vec_perm(vector bool char __a, vector bool char __b, vector unsigned char __c);
        ^
/Applications/Xcode.app/Contents/Developer/Toolchains/XcodeDefault.xctoolchain/usr/lib/clang/14.0.0/include/altivec.h:56:19: error: unknown type name 'vector'
static __inline__ vector short __ATTRS_o_ai vec_perm(vector signed short __a,
                  ^
/Applications/Xcode.app/Contents/Developer/Toolchains/XcodeDefault.xctoolchain/usr/lib/clang/14.0.0/include/altivec.h:56:54: error: unknown type name 'vector'
static __inline__ vector short __ATTRS_o_ai vec_perm(vector signed short __a,
                                                     ^
/Applications/Xcode.app/Contents/Developer/Toolchains/XcodeDefault.xctoolchain/usr/lib/clang/14.0.0/include/altivec.h:57:54: error: unknown type name 'vector'
                                                     vector signed short __b,
                                                     ^
/Applications/Xcode.app/Contents/Developer/Toolchains/XcodeDefault.xctoolchain/usr/lib/clang/14.0.0/include/altivec.h:58:54: error: unknown type name 'vector'
                                                     vector unsigned char __c);
                                                     ^
/Applications/Xcode.app/Contents/Developer/Toolchains/XcodeDefault.xctoolchain/usr/lib/clang/14.0.0/include/altivec.h:60:19: error: unknown type name 'vector'
static __inline__ vector unsigned short __ATTRS_o_ai
                  ^
fatal error: too many errors emitted, stopping now [-ferror-limit=]
20 errors generated.
make[1]: *** [CMakeFiles/cmTC_b152b.dir/src.c.o] Error 1
make: *** [cmTC_b152b/fast] Error 2


Source file was:

          #include <altivec.h>
          vector unsigned int vzero() {
              return vec_splat_u32(0);
          }
          int main(int argc, char **argv) { return 0; }

Performing C SOURCE FILE Test CPU_SUPPORTS_ALTIVEC failed with the following output:
Change Dir: /Volumes/T7/code/raycast/build/CMakeFiles/CMakeScratch/TryCompile-2Z2LNC

Run Build Command(s):/usr/bin/make -f Makefile cmTC_09725/fast && /Applications/Xcode.app/Contents/Developer/usr/bin/make  -f CMakeFiles/cmTC_09725.dir/build.make CMakeFiles/cmTC_09725.dir/build
Building C object CMakeFiles/cmTC_09725.dir/src.c.o
/Applications/Xcode.app/Contents/Developer/Toolchains/XcodeDefault.xctoolchain/usr/bin/cc -DCPU_SUPPORTS_ALTIVEC  -idirafter "/Volumes/T7/code/raycast/external/SDL/src/video/khronos" -maltivec -arch arm64 -isysroot /Applications/Xcode.app/Contents/Developer/Platforms/MacOSX.platform/Developer/SDKs/MacOSX13.1.sdk -mmacosx-version-min=12.6 -MD -MT CMakeFiles/cmTC_09725.dir/src.c.o -MF CMakeFiles/cmTC_09725.dir/src.c.o.d -o CMakeFiles/cmTC_09725.dir/src.c.o -c /Volumes/T7/code/raycast/build/CMakeFiles/CMakeScratch/TryCompile-2Z2LNC/src.c
clang: warning: argument unused during compilation: '-maltivec' [-Wunused-command-line-argument]
/Volumes/T7/code/raycast/build/CMakeFiles/CMakeScratch/TryCompile-2Z2LNC/src.c:2:11: error: unknown type name 'vector'
          vector unsigned int vzero() {
          ^
/Volumes/T7/code/raycast/build/CMakeFiles/CMakeScratch/TryCompile-2Z2LNC/src.c:3:22: error: implicit declaration of function 'vec_splat_u32' is invalid in C99 [-Werror,-Wimplicit-function-declaration]
              return vec_splat_u32(0);
                     ^
2 errors generated.
make[1]: *** [CMakeFiles/cmTC_09725.dir/src.c.o] Error 1
make: *** [cmTC_09725/fast] Error 2


Source file was:

          vector unsigned int vzero() {
              return vec_splat_u32(0);
          }
          int main(int argc, char **argv) { return 0; }

Determining if the include file malloc.h exists failed with the following output:
Change Dir: /Volumes/T7/code/raycast/build/CMakeFiles/CMakeScratch/TryCompile-igfheJ

Run Build Command(s):/usr/bin/make -f Makefile cmTC_58592/fast && /Applications/Xcode.app/Contents/Developer/usr/bin/make  -f CMakeFiles/cmTC_58592.dir/build.make CMakeFiles/cmTC_58592.dir/build
Building C object CMakeFiles/cmTC_58592.dir/CheckIncludeFile.c.o
/Applications/Xcode.app/Contents/Developer/Toolchains/XcodeDefault.xctoolchain/usr/bin/cc   -idirafter "/Volumes/T7/code/raycast/external/SDL/src/video/khronos"  -arch arm64 -isysroot /Applications/Xcode.app/Contents/Developer/Platforms/MacOSX.platform/Developer/SDKs/MacOSX13.1.sdk -mmacosx-version-min=12.6 -MD -MT CMakeFiles/cmTC_58592.dir/CheckIncludeFile.c.o -MF CMakeFiles/cmTC_58592.dir/CheckIncludeFile.c.o.d -o CMakeFiles/cmTC_58592.dir/CheckIncludeFile.c.o -c /Volumes/T7/code/raycast/build/CMakeFiles/CMakeScratch/TryCompile-igfheJ/CheckIncludeFile.c
/Volumes/T7/code/raycast/build/CMakeFiles/CMakeScratch/TryCompile-igfheJ/CheckIncludeFile.c:1:10: fatal error: 'malloc.h' file not found
#include <malloc.h>
         ^~~~~~~~~~
1 error generated.
make[1]: *** [CMakeFiles/cmTC_58592.dir/CheckIncludeFile.c.o] Error 1
make: *** [cmTC_58592/fast] Error 2



Determining if the include file linux/input.h exists failed with the following output:
Change Dir: /Volumes/T7/code/raycast/build/CMakeFiles/CMakeScratch/TryCompile-LFN9Ir

Run Build Command(s):/usr/bin/make -f Makefile cmTC_8cb2a/fast && /Applications/Xcode.app/Contents/Developer/usr/bin/make  -f CMakeFiles/cmTC_8cb2a.dir/build.make CMakeFiles/cmTC_8cb2a.dir/build
Building C object CMakeFiles/cmTC_8cb2a.dir/CheckIncludeFile.c.o
/Applications/Xcode.app/Contents/Developer/Toolchains/XcodeDefault.xctoolchain/usr/bin/cc   -idirafter "/Volumes/T7/code/raycast/external/SDL/src/video/khronos"  -arch arm64 -isysroot /Applications/Xcode.app/Contents/Developer/Platforms/MacOSX.platform/Developer/SDKs/MacOSX13.1.sdk -mmacosx-version-min=12.6 -MD -MT CMakeFiles/cmTC_8cb2a.dir/CheckIncludeFile.c.o -MF CMakeFiles/cmTC_8cb2a.dir/CheckIncludeFile.c.o.d -o CMakeFiles/cmTC_8cb2a.dir/CheckIncludeFile.c.o -c /Volumes/T7/code/raycast/build/CMakeFiles/CMakeScratch/TryCompile-LFN9Ir/CheckIncludeFile.c
/Volumes/T7/code/raycast/build/CMakeFiles/CMakeScratch/TryCompile-LFN9Ir/CheckIncludeFile.c:1:10: fatal error: 'linux/input.h' file not found
#include <linux/input.h>
         ^~~~~~~~~~~~~~~
1 error generated.
make[1]: *** [CMakeFiles/cmTC_8cb2a.dir/CheckIncludeFile.c.o] Error 1
make: *** [cmTC_8cb2a/fast] Error 2



Determining if the _strrev exist failed with the following output:
Change Dir: /Volumes/T7/code/raycast/build/CMakeFiles/CMakeScratch/TryCompile-q53F7K

Run Build Command(s):/usr/bin/make -f Makefile cmTC_8b7c8/fast && /Applications/Xcode.app/Contents/Developer/usr/bin/make  -f CMakeFiles/cmTC_8b7c8.dir/build.make CMakeFiles/cmTC_8b7c8.dir/build
Building C object CMakeFiles/cmTC_8b7c8.dir/CheckSymbolExists.c.o
/Applications/Xcode.app/Contents/Developer/Toolchains/XcodeDefault.xctoolchain/usr/bin/cc   -idirafter "/Volumes/T7/code/raycast/external/SDL/src/video/khronos"  -arch arm64 -isysroot /Applications/Xcode.app/Contents/Developer/Platforms/MacOSX.platform/Developer/SDKs/MacOSX13.1.sdk -mmacosx-version-min=12.6 -MD -MT CMakeFiles/cmTC_8b7c8.dir/CheckSymbolExists.c.o -MF CMakeFiles/cmTC_8b7c8.dir/CheckSymbolExists.c.o.d -o CMakeFiles/cmTC_8b7c8.dir/CheckSymbolExists.c.o -c /Volumes/T7/code/raycast/build/CMakeFiles/CMakeScratch/TryCompile-q53F7K/CheckSymbolExists.c
/Volumes/T7/code/raycast/build/CMakeFiles/CMakeScratch/TryCompile-q53F7K/CheckSymbolExists.c:14:19: error: use of undeclared identifier '_strrev'
  return ((int*)(&_strrev))[argc];
                  ^
1 error generated.
make[1]: *** [CMakeFiles/cmTC_8b7c8.dir/CheckSymbolExists.c.o] Error 1
make: *** [cmTC_8b7c8/fast] Error 2


File CheckSymbolExists.c:
/* */
#include <stddef.h>
#include <stdarg.h>
#include <stdlib.h>
#include <string.h>
#include <stdio.h>
#include <wchar.h>
#include <float.h>

int main(int argc, char** argv)
{
  (void)argv;
#ifndef _strrev
  return ((int*)(&_strrev))[argc];
#else
  (void)argc;
  return 0;
#endif
}
Determining if the _strupr exist failed with the following output:
Change Dir: /Volumes/T7/code/raycast/build/CMakeFiles/CMakeScratch/TryCompile-Q6K2St

Run Build Command(s):/usr/bin/make -f Makefile cmTC_ed623/fast && /Applications/Xcode.app/Contents/Developer/usr/bin/make  -f CMakeFiles/cmTC_ed623.dir/build.make CMakeFiles/cmTC_ed623.dir/build
Building C object CMakeFiles/cmTC_ed623.dir/CheckSymbolExists.c.o
/Applications/Xcode.app/Contents/Developer/Toolchains/XcodeDefault.xctoolchain/usr/bin/cc   -idirafter "/Volumes/T7/code/raycast/external/SDL/src/video/khronos"  -arch arm64 -isysroot /Applications/Xcode.app/Contents/Developer/Platforms/MacOSX.platform/Developer/SDKs/MacOSX13.1.sdk -mmacosx-version-min=12.6 -MD -MT CMakeFiles/cmTC_ed623.dir/CheckSymbolExists.c.o -MF CMakeFiles/cmTC_ed623.dir/CheckSymbolExists.c.o.d -o CMakeFiles/cmTC_ed623.dir/CheckSymbolExists.c.o -c /Volumes/T7/code/raycast/build/CMakeFiles/CMakeScratch/TryCompile-Q6K2St/CheckSymbolExists.c
/Volumes/T7/code/raycast/build/CMakeFiles/CMakeScratch/TryCompile-Q6K2St/CheckSymbolExists.c:14:19: error: use of undeclared identifier '_strupr'
  return ((int*)(&_strupr))[argc];
                  ^
1 error generated.
make[1]: *** [CMakeFiles/cmTC_ed623.dir/CheckSymbolExists.c.o] Error 1
make: *** [cmTC_ed623/fast] Error 2


File CheckSymbolExists.c:
/* */
#include <stddef.h>
#include <stdarg.h>
#include <stdlib.h>
#include <string.h>
#include <stdio.h>
#include <wchar.h>
#include <float.h>

int main(int argc, char** argv)
{
  (void)argv;
#ifndef _strupr
  return ((int*)(&_strupr))[argc];
#else
  (void)argc;
  return 0;
#endif
}
Determining if the _strlwr exist failed with the following output:
Change Dir: /Volumes/T7/code/raycast/build/CMakeFiles/CMakeScratch/TryCompile-PDs3eA

Run Build Command(s):/usr/bin/make -f Makefile cmTC_c0cdb/fast && /Applications/Xcode.app/Contents/Developer/usr/bin/make  -f CMakeFiles/cmTC_c0cdb.dir/build.make CMakeFiles/cmTC_c0cdb.dir/build
Building C object CMakeFiles/cmTC_c0cdb.dir/CheckSymbolExists.c.o
/Applications/Xcode.app/Contents/Developer/Toolchains/XcodeDefault.xctoolchain/usr/bin/cc   -idirafter "/Volumes/T7/code/raycast/external/SDL/src/video/khronos"  -arch arm64 -isysroot /Applications/Xcode.app/Contents/Developer/Platforms/MacOSX.platform/Developer/SDKs/MacOSX13.1.sdk -mmacosx-version-min=12.6 -MD -MT CMakeFiles/cmTC_c0cdb.dir/CheckSymbolExists.c.o -MF CMakeFiles/cmTC_c0cdb.dir/CheckSymbolExists.c.o.d -o CMakeFiles/cmTC_c0cdb.dir/CheckSymbolExists.c.o -c /Volumes/T7/code/raycast/build/CMakeFiles/CMakeScratch/TryCompile-PDs3eA/CheckSymbolExists.c
/Volumes/T7/code/raycast/build/CMakeFiles/CMakeScratch/TryCompile-PDs3eA/CheckSymbolExists.c:14:19: error: use of undeclared identifier '_strlwr'
  return ((int*)(&_strlwr))[argc];
                  ^
1 error generated.
make[1]: *** [CMakeFiles/cmTC_c0cdb.dir/CheckSymbolExists.c.o] Error 1
make: *** [cmTC_c0cdb/fast] Error 2


File CheckSymbolExists.c:
/* */
#include <stddef.h>
#include <stdarg.h>
#include <stdlib.h>
#include <string.h>
#include <stdio.h>
#include <wchar.h>
#include <float.h>

int main(int argc, char** argv)
{
  (void)argv;
#ifndef _strlwr
  return ((int*)(&_strlwr))[argc];
#else
  (void)argc;
  return 0;
#endif
}
Determining if the itoa exist failed with the following output:
Change Dir: /Volumes/T7/code/raycast/build/CMakeFiles/CMakeScratch/TryCompile-usLf2y

Run Build Command(s):/usr/bin/make -f Makefile cmTC_b01ec/fast && /Applications/Xcode.app/Contents/Developer/usr/bin/make  -f CMakeFiles/cmTC_b01ec.dir/build.make CMakeFiles/cmTC_b01ec.dir/build
Building C object CMakeFiles/cmTC_b01ec.dir/CheckSymbolExists.c.o
/Applications/Xcode.app/Contents/Developer/Toolchains/XcodeDefault.xctoolchain/usr/bin/cc   -idirafter "/Volumes/T7/code/raycast/external/SDL/src/video/khronos"  -arch arm64 -isysroot /Applications/Xcode.app/Contents/Developer/Platforms/MacOSX.platform/Developer/SDKs/MacOSX13.1.sdk -mmacosx-version-min=12.6 -MD -MT CMakeFiles/cmTC_b01ec.dir/CheckSymbolExists.c.o -MF CMakeFiles/cmTC_b01ec.dir/CheckSymbolExists.c.o.d -o CMakeFiles/cmTC_b01ec.dir/CheckSymbolExists.c.o -c /Volumes/T7/code/raycast/build/CMakeFiles/CMakeScratch/TryCompile-usLf2y/CheckSymbolExists.c
/Volumes/T7/code/raycast/build/CMakeFiles/CMakeScratch/TryCompile-usLf2y/CheckSymbolExists.c:14:19: error: use of undeclared identifier 'itoa'
  return ((int*)(&itoa))[argc];
                  ^
1 error generated.
make[1]: *** [CMakeFiles/cmTC_b01ec.dir/CheckSymbolExists.c.o] Error 1
make: *** [cmTC_b01ec/fast] Error 2


File CheckSymbolExists.c:
/* */
#include <stddef.h>
#include <stdarg.h>
#include <stdlib.h>
#include <string.h>
#include <stdio.h>
#include <wchar.h>
#include <float.h>

int main(int argc, char** argv)
{
  (void)argv;
#ifndef itoa
  return ((int*)(&itoa))[argc];
#else
  (void)argc;
  return 0;
#endif
}
Determining if the _ltoa exist failed with the following output:
Change Dir: /Volumes/T7/code/raycast/build/CMakeFiles/CMakeScratch/TryCompile-QV4d7d

Run Build Command(s):/usr/bin/make -f Makefile cmTC_6ebb8/fast && /Applications/Xcode.app/Contents/Developer/usr/bin/make  -f CMakeFiles/cmTC_6ebb8.dir/build.make CMakeFiles/cmTC_6ebb8.dir/build
Building C object CMakeFiles/cmTC_6ebb8.dir/CheckSymbolExists.c.o
/Applications/Xcode.app/Contents/Developer/Toolchains/XcodeDefault.xctoolchain/usr/bin/cc   -idirafter "/Volumes/T7/code/raycast/external/SDL/src/video/khronos"  -arch arm64 -isysroot /Applications/Xcode.app/Contents/Developer/Platforms/MacOSX.platform/Developer/SDKs/MacOSX13.1.sdk -mmacosx-version-min=12.6 -MD -MT CMakeFiles/cmTC_6ebb8.dir/CheckSymbolExists.c.o -MF CMakeFiles/cmTC_6ebb8.dir/CheckSymbolExists.c.o.d -o CMakeFiles/cmTC_6ebb8.dir/CheckSymbolExists.c.o -c /Volumes/T7/code/raycast/build/CMakeFiles/CMakeScratch/TryCompile-QV4d7d/CheckSymbolExists.c
/Volumes/T7/code/raycast/build/CMakeFiles/CMakeScratch/TryCompile-QV4d7d/CheckSymbolExists.c:14:19: error: use of undeclared identifier '_ltoa'
  return ((int*)(&_ltoa))[argc];
                  ^
1 error generated.
make[1]: *** [CMakeFiles/cmTC_6ebb8.dir/CheckSymbolExists.c.o] Error 1
make: *** [cmTC_6ebb8/fast] Error 2


File CheckSymbolExists.c:
/* */
#include <stddef.h>
#include <stdarg.h>
#include <stdlib.h>
#include <string.h>
#include <stdio.h>
#include <wchar.h>
#include <float.h>

int main(int argc, char** argv)
{
  (void)argv;
#ifndef _ltoa
  return ((int*)(&_ltoa))[argc];
#else
  (void)argc;
  return 0;
#endif
}
Determining if the _uitoa exist failed with the following output:
Change Dir: /Volumes/T7/code/raycast/build/CMakeFiles/CMakeScratch/TryCompile-6ixYey

Run Build Command(s):/usr/bin/make -f Makefile cmTC_43fda/fast && /Applications/Xcode.app/Contents/Developer/usr/bin/make  -f CMakeFiles/cmTC_43fda.dir/build.make CMakeFiles/cmTC_43fda.dir/build
Building C object CMakeFiles/cmTC_43fda.dir/CheckSymbolExists.c.o
/Applications/Xcode.app/Contents/Developer/Toolchains/XcodeDefault.xctoolchain/usr/bin/cc   -idirafter "/Volumes/T7/code/raycast/external/SDL/src/video/khronos"  -arch arm64 -isysroot /Applications/Xcode.app/Contents/Developer/Platforms/MacOSX.platform/Developer/SDKs/MacOSX13.1.sdk -mmacosx-version-min=12.6 -MD -MT CMakeFiles/cmTC_43fda.dir/CheckSymbolExists.c.o -MF CMakeFiles/cmTC_43fda.dir/CheckSymbolExists.c.o.d -o CMakeFiles/cmTC_43fda.dir/CheckSymbolExists.c.o -c /Volumes/T7/code/raycast/build/CMakeFiles/CMakeScratch/TryCompile-6ixYey/CheckSymbolExists.c
/Volumes/T7/code/raycast/build/CMakeFiles/CMakeScratch/TryCompile-6ixYey/CheckSymbolExists.c:14:19: error: use of undeclared identifier '_uitoa'
  return ((int*)(&_uitoa))[argc];
                  ^
1 error generated.
make[1]: *** [CMakeFiles/cmTC_43fda.dir/CheckSymbolExists.c.o] Error 1
make: *** [cmTC_43fda/fast] Error 2


File CheckSymbolExists.c:
/* */
#include <stddef.h>
#include <stdarg.h>
#include <stdlib.h>
#include <string.h>
#include <stdio.h>
#include <wchar.h>
#include <float.h>

int main(int argc, char** argv)
{
  (void)argv;
#ifndef _uitoa
  return ((int*)(&_uitoa))[argc];
#else
  (void)argc;
  return 0;
#endif
}
Determining if the _ultoa exist failed with the following output:
Change Dir: /Volumes/T7/code/raycast/build/CMakeFiles/CMakeScratch/TryCompile-wQiwUI

Run Build Command(s):/usr/bin/make -f Makefile cmTC_68a87/fast && /Applications/Xcode.app/Contents/Developer/usr/bin/make  -f CMakeFiles/cmTC_68a87.dir/build.make CMakeFiles/cmTC_68a87.dir/build
Building C object CMakeFiles/cmTC_68a87.dir/CheckSymbolExists.c.o
/Applications/Xcode.app/Contents/Developer/Toolchains/XcodeDefault.xctoolchain/usr/bin/cc   -idirafter "/Volumes/T7/code/raycast/external/SDL/src/video/khronos"  -arch arm64 -isysroot /Applications/Xcode.app/Contents/Developer/Platforms/MacOSX.platform/Developer/SDKs/MacOSX13.1.sdk -mmacosx-version-min=12.6 -MD -MT CMakeFiles/cmTC_68a87.dir/CheckSymbolExists.c.o -MF CMakeFiles/cmTC_68a87.dir/CheckSymbolExists.c.o.d -o CMakeFiles/cmTC_68a87.dir/CheckSymbolExists.c.o -c /Volumes/T7/code/raycast/build/CMakeFiles/CMakeScratch/TryCompile-wQiwUI/CheckSymbolExists.c
/Volumes/T7/code/raycast/build/CMakeFiles/CMakeScratch/TryCompile-wQiwUI/CheckSymbolExists.c:14:19: error: use of undeclared identifier '_ultoa'
  return ((int*)(&_ultoa))[argc];
                  ^
1 error generated.
make[1]: *** [CMakeFiles/cmTC_68a87.dir/CheckSymbolExists.c.o] Error 1
make: *** [cmTC_68a87/fast] Error 2


File CheckSymbolExists.c:
/* */
#include <stddef.h>
#include <stdarg.h>
#include <stdlib.h>
#include <string.h>
#include <stdio.h>
#include <wchar.h>
#include <float.h>

int main(int argc, char** argv)
{
  (void)argv;
#ifndef _ultoa
  return ((int*)(&_ultoa))[argc];
#else
  (void)argc;
  return 0;
#endif
}
Determining if the _i64toa exist failed with the following output:
Change Dir: /Volumes/T7/code/raycast/build/CMakeFiles/CMakeScratch/TryCompile-a7dGvJ

Run Build Command(s):/usr/bin/make -f Makefile cmTC_f38a8/fast && /Applications/Xcode.app/Contents/Developer/usr/bin/make  -f CMakeFiles/cmTC_f38a8.dir/build.make CMakeFiles/cmTC_f38a8.dir/build
Building C object CMakeFiles/cmTC_f38a8.dir/CheckSymbolExists.c.o
/Applications/Xcode.app/Contents/Developer/Toolchains/XcodeDefault.xctoolchain/usr/bin/cc   -idirafter "/Volumes/T7/code/raycast/external/SDL/src/video/khronos"  -arch arm64 -isysroot /Applications/Xcode.app/Contents/Developer/Platforms/MacOSX.platform/Developer/SDKs/MacOSX13.1.sdk -mmacosx-version-min=12.6 -MD -MT CMakeFiles/cmTC_f38a8.dir/CheckSymbolExists.c.o -MF CMakeFiles/cmTC_f38a8.dir/CheckSymbolExists.c.o.d -o CMakeFiles/cmTC_f38a8.dir/CheckSymbolExists.c.o -c /Volumes/T7/code/raycast/build/CMakeFiles/CMakeScratch/TryCompile-a7dGvJ/CheckSymbolExists.c
/Volumes/T7/code/raycast/build/CMakeFiles/CMakeScratch/TryCompile-a7dGvJ/CheckSymbolExists.c:14:19: error: use of undeclared identifier '_i64toa'
  return ((int*)(&_i64toa))[argc];
                  ^
1 error generated.
make[1]: *** [CMakeFiles/cmTC_f38a8.dir/CheckSymbolExists.c.o] Error 1
make: *** [cmTC_f38a8/fast] Error 2


File CheckSymbolExists.c:
/* */
#include <stddef.h>
#include <stdarg.h>
#include <stdlib.h>
#include <string.h>
#include <stdio.h>
#include <wchar.h>
#include <float.h>

int main(int argc, char** argv)
{
  (void)argv;
#ifndef _i64toa
  return ((int*)(&_i64toa))[argc];
#else
  (void)argc;
  return 0;
#endif
}
Determining if the _ui64toa exist failed with the following output:
Change Dir: /Volumes/T7/code/raycast/build/CMakeFiles/CMakeScratch/TryCompile-1dmv96

Run Build Command(s):/usr/bin/make -f Makefile cmTC_938c4/fast && /Applications/Xcode.app/Contents/Developer/usr/bin/make  -f CMakeFiles/cmTC_938c4.dir/build.make CMakeFiles/cmTC_938c4.dir/build
Building C object CMakeFiles/cmTC_938c4.dir/CheckSymbolExists.c.o
/Applications/Xcode.app/Contents/Developer/Toolchains/XcodeDefault.xctoolchain/usr/bin/cc   -idirafter "/Volumes/T7/code/raycast/external/SDL/src/video/khronos"  -arch arm64 -isysroot /Applications/Xcode.app/Contents/Developer/Platforms/MacOSX.platform/Developer/SDKs/MacOSX13.1.sdk -mmacosx-version-min=12.6 -MD -MT CMakeFiles/cmTC_938c4.dir/CheckSymbolExists.c.o -MF CMakeFiles/cmTC_938c4.dir/CheckSymbolExists.c.o.d -o CMakeFiles/cmTC_938c4.dir/CheckSymbolExists.c.o -c /Volumes/T7/code/raycast/build/CMakeFiles/CMakeScratch/TryCompile-1dmv96/CheckSymbolExists.c
/Volumes/T7/code/raycast/build/CMakeFiles/CMakeScratch/TryCompile-1dmv96/CheckSymbolExists.c:14:19: error: use of undeclared identifier '_ui64toa'
  return ((int*)(&_ui64toa))[argc];
                  ^
1 error generated.
make[1]: *** [CMakeFiles/cmTC_938c4.dir/CheckSymbolExists.c.o] Error 1
make: *** [cmTC_938c4/fast] Error 2


File CheckSymbolExists.c:
/* */
#include <stddef.h>
#include <stdarg.h>
#include <stdlib.h>
#include <string.h>
#include <stdio.h>
#include <wchar.h>
#include <float.h>

int main(int argc, char** argv)
{
  (void)argv;
#ifndef _ui64toa
  return ((int*)(&_ui64toa))[argc];
#else
  (void)argc;
  return 0;
#endif
}
Determining if the _stricmp exist failed with the following output:
Change Dir: /Volumes/T7/code/raycast/build/CMakeFiles/CMakeScratch/TryCompile-YDLaAm

Run Build Command(s):/usr/bin/make -f Makefile cmTC_691e0/fast && /Applications/Xcode.app/Contents/Developer/usr/bin/make  -f CMakeFiles/cmTC_691e0.dir/build.make CMakeFiles/cmTC_691e0.dir/build
Building C object CMakeFiles/cmTC_691e0.dir/CheckSymbolExists.c.o
/Applications/Xcode.app/Contents/Developer/Toolchains/XcodeDefault.xctoolchain/usr/bin/cc   -idirafter "/Volumes/T7/code/raycast/external/SDL/src/video/khronos"  -arch arm64 -isysroot /Applications/Xcode.app/Contents/Developer/Platforms/MacOSX.platform/Developer/SDKs/MacOSX13.1.sdk -mmacosx-version-min=12.6 -MD -MT CMakeFiles/cmTC_691e0.dir/CheckSymbolExists.c.o -MF CMakeFiles/cmTC_691e0.dir/CheckSymbolExists.c.o.d -o CMakeFiles/cmTC_691e0.dir/CheckSymbolExists.c.o -c /Volumes/T7/code/raycast/build/CMakeFiles/CMakeScratch/TryCompile-YDLaAm/CheckSymbolExists.c
/Volumes/T7/code/raycast/build/CMakeFiles/CMakeScratch/TryCompile-YDLaAm/CheckSymbolExists.c:14:19: error: use of undeclared identifier '_stricmp'
  return ((int*)(&_stricmp))[argc];
                  ^
1 error generated.
make[1]: *** [CMakeFiles/cmTC_691e0.dir/CheckSymbolExists.c.o] Error 1
make: *** [cmTC_691e0/fast] Error 2


File CheckSymbolExists.c:
/* */
#include <stddef.h>
#include <stdarg.h>
#include <stdlib.h>
#include <string.h>
#include <stdio.h>
#include <wchar.h>
#include <float.h>

int main(int argc, char** argv)
{
  (void)argv;
#ifndef _stricmp
  return ((int*)(&_stricmp))[argc];
#else
  (void)argc;
  return 0;
#endif
}
Determining if the _strnicmp exist failed with the following output:
Change Dir: /Volumes/T7/code/raycast/build/CMakeFiles/CMakeScratch/TryCompile-bGRHiZ

Run Build Command(s):/usr/bin/make -f Makefile cmTC_56804/fast && /Applications/Xcode.app/Contents/Developer/usr/bin/make  -f CMakeFiles/cmTC_56804.dir/build.make CMakeFiles/cmTC_56804.dir/build
Building C object CMakeFiles/cmTC_56804.dir/CheckSymbolExists.c.o
/Applications/Xcode.app/Contents/Developer/Toolchains/XcodeDefault.xctoolchain/usr/bin/cc   -idirafter "/Volumes/T7/code/raycast/external/SDL/src/video/khronos"  -arch arm64 -isysroot /Applications/Xcode.app/Contents/Developer/Platforms/MacOSX.platform/Developer/SDKs/MacOSX13.1.sdk -mmacosx-version-min=12.6 -MD -MT CMakeFiles/cmTC_56804.dir/CheckSymbolExists.c.o -MF CMakeFiles/cmTC_56804.dir/CheckSymbolExists.c.o.d -o CMakeFiles/cmTC_56804.dir/CheckSymbolExists.c.o -c /Volumes/T7/code/raycast/build/CMakeFiles/CMakeScratch/TryCompile-bGRHiZ/CheckSymbolExists.c
/Volumes/T7/code/raycast/build/CMakeFiles/CMakeScratch/TryCompile-bGRHiZ/CheckSymbolExists.c:14:19: error: use of undeclared identifier '_strnicmp'; did you mean 'strncmp'?
  return ((int*)(&_strnicmp))[argc];
                  ^~~~~~~~~
                  strncmp
/Applications/Xcode.app/Contents/Developer/Platforms/MacOSX.platform/Developer/SDKs/MacOSX13.1.sdk/usr/include/string.h:84:6: note: 'strncmp' declared here
int      strncmp(const char *__s1, const char *__s2, size_t __n);
         ^
1 error generated.
make[1]: *** [CMakeFiles/cmTC_56804.dir/CheckSymbolExists.c.o] Error 1
make: *** [cmTC_56804/fast] Error 2


File CheckSymbolExists.c:
/* */
#include <stddef.h>
#include <stdarg.h>
#include <stdlib.h>
#include <string.h>
#include <stdio.h>
#include <wchar.h>
#include <float.h>

int main(int argc, char** argv)
{
  (void)argv;
#ifndef _strnicmp
  return ((int*)(&_strnicmp))[argc];
#else
  (void)argc;
  return 0;
#endif
}
Determining if the _wcsdup exist failed with the following output:
Change Dir: /Volumes/T7/code/raycast/build/CMakeFiles/CMakeScratch/TryCompile-pEZECX

Run Build Command(s):/usr/bin/make -f Makefile cmTC_06ed7/fast && /Applications/Xcode.app/Contents/Developer/usr/bin/make  -f CMakeFiles/cmTC_06ed7.dir/build.make CMakeFiles/cmTC_06ed7.dir/build
Building C object CMakeFiles/cmTC_06ed7.dir/CheckSymbolExists.c.o
/Applications/Xcode.app/Contents/Developer/Toolchains/XcodeDefault.xctoolchain/usr/bin/cc   -idirafter "/Volumes/T7/code/raycast/external/SDL/src/video/khronos"  -arch arm64 -isysroot /Applications/Xcode.app/Contents/Developer/Platforms/MacOSX.platform/Developer/SDKs/MacOSX13.1.sdk -mmacosx-version-min=12.6 -MD -MT CMakeFiles/cmTC_06ed7.dir/CheckSymbolExists.c.o -MF CMakeFiles/cmTC_06ed7.dir/CheckSymbolExists.c.o.d -o CMakeFiles/cmTC_06ed7.dir/CheckSymbolExists.c.o -c /Volumes/T7/code/raycast/build/CMakeFiles/CMakeScratch/TryCompile-pEZECX/CheckSymbolExists.c
/Volumes/T7/code/raycast/build/CMakeFiles/CMakeScratch/TryCompile-pEZECX/CheckSymbolExists.c:14:19: error: use of undeclared identifier '_wcsdup'; did you mean 'wcsdup'?
  return ((int*)(&_wcsdup))[argc];
                  ^~~~~~~
                  wcsdup
/Applications/Xcode.app/Contents/Developer/Platforms/MacOSX.platform/Developer/SDKs/MacOSX13.1.sdk/usr/include/wchar.h:199:10: note: 'wcsdup' declared here
wchar_t *wcsdup(const wchar_t *) __OSX_AVAILABLE_STARTING(__MAC_10_7, __IPHONE_4_3);
         ^
1 error generated.
make[1]: *** [CMakeFiles/cmTC_06ed7.dir/CheckSymbolExists.c.o] Error 1
make: *** [cmTC_06ed7/fast] Error 2


File CheckSymbolExists.c:
/* */
#include <stddef.h>
#include <stdarg.h>
#include <stdlib.h>
#include <string.h>
#include <stdio.h>
#include <wchar.h>
#include <float.h>

int main(int argc, char** argv)
{
  (void)argv;
#ifndef _wcsdup
  return ((int*)(&_wcsdup))[argc];
#else
  (void)argc;
  return 0;
#endif
}
Determining if the _wcsicmp exist failed with the following output:
Change Dir: /Volumes/T7/code/raycast/build/CMakeFiles/CMakeScratch/TryCompile-yl8FdH

Run Build Command(s):/usr/bin/make -f Makefile cmTC_a7e25/fast && /Applications/Xcode.app/Contents/Developer/usr/bin/make  -f CMakeFiles/cmTC_a7e25.dir/build.make CMakeFiles/cmTC_a7e25.dir/build
Building C object CMakeFiles/cmTC_a7e25.dir/CheckSymbolExists.c.o
/Applications/Xcode.app/Contents/Developer/Toolchains/XcodeDefault.xctoolchain/usr/bin/cc   -idirafter "/Volumes/T7/code/raycast/external/SDL/src/video/khronos"  -arch arm64 -isysroot /Applications/Xcode.app/Contents/Developer/Platforms/MacOSX.platform/Developer/SDKs/MacOSX13.1.sdk -mmacosx-version-min=12.6 -MD -MT CMakeFiles/cmTC_a7e25.dir/CheckSymbolExists.c.o -MF CMakeFiles/cmTC_a7e25.dir/CheckSymbolExists.c.o.d -o CMakeFiles/cmTC_a7e25.dir/CheckSymbolExists.c.o -c /Volumes/T7/code/raycast/build/CMakeFiles/CMakeScratch/TryCompile-yl8FdH/CheckSymbolExists.c
/Volumes/T7/code/raycast/build/CMakeFiles/CMakeScratch/TryCompile-yl8FdH/CheckSymbolExists.c:14:19: error: use of undeclared identifier '_wcsicmp'
  return ((int*)(&_wcsicmp))[argc];
                  ^
1 error generated.
make[1]: *** [CMakeFiles/cmTC_a7e25.dir/CheckSymbolExists.c.o] Error 1
make: *** [cmTC_a7e25/fast] Error 2


File CheckSymbolExists.c:
/* */
#include <stddef.h>
#include <stdarg.h>
#include <stdlib.h>
#include <string.h>
#include <stdio.h>
#include <wchar.h>
#include <float.h>

int main(int argc, char** argv)
{
  (void)argv;
#ifndef _wcsicmp
  return ((int*)(&_wcsicmp))[argc];
#else
  (void)argc;
  return 0;
#endif
}
Determining if the _wcsnicmp exist failed with the following output:
Change Dir: /Volumes/T7/code/raycast/build/CMakeFiles/CMakeScratch/TryCompile-UPPhQt

Run Build Command(s):/usr/bin/make -f Makefile cmTC_8e6fa/fast && /Applications/Xcode.app/Contents/Developer/usr/bin/make  -f CMakeFiles/cmTC_8e6fa.dir/build.make CMakeFiles/cmTC_8e6fa.dir/build
Building C object CMakeFiles/cmTC_8e6fa.dir/CheckSymbolExists.c.o
/Applications/Xcode.app/Contents/Developer/Toolchains/XcodeDefault.xctoolchain/usr/bin/cc   -idirafter "/Volumes/T7/code/raycast/external/SDL/src/video/khronos"  -arch arm64 -isysroot /Applications/Xcode.app/Contents/Developer/Platforms/MacOSX.platform/Developer/SDKs/MacOSX13.1.sdk -mmacosx-version-min=12.6 -MD -MT CMakeFiles/cmTC_8e6fa.dir/CheckSymbolExists.c.o -MF CMakeFiles/cmTC_8e6fa.dir/CheckSymbolExists.c.o.d -o CMakeFiles/cmTC_8e6fa.dir/CheckSymbolExists.c.o -c /Volumes/T7/code/raycast/build/CMakeFiles/CMakeScratch/TryCompile-UPPhQt/CheckSymbolExists.c
/Volumes/T7/code/raycast/build/CMakeFiles/CMakeScratch/TryCompile-UPPhQt/CheckSymbolExists.c:14:19: error: use of undeclared identifier '_wcsnicmp'; did you mean 'wcsncmp'?
  return ((int*)(&_wcsnicmp))[argc];
                  ^~~~~~~~~
                  wcsncmp
/Applications/Xcode.app/Contents/Developer/Platforms/MacOSX.platform/Developer/SDKs/MacOSX13.1.sdk/usr/include/wchar.h:134:5: note: 'wcsncmp' declared here
int     wcsncmp(const wchar_t *, const wchar_t *, size_t);
        ^
1 error generated.
make[1]: *** [CMakeFiles/cmTC_8e6fa.dir/CheckSymbolExists.c.o] Error 1
make: *** [cmTC_8e6fa/fast] Error 2


File CheckSymbolExists.c:
/* */
#include <stddef.h>
#include <stdarg.h>
#include <stdlib.h>
#include <string.h>
#include <stdio.h>
#include <wchar.h>
#include <float.h>

int main(int argc, char** argv)
{
  (void)argv;
#ifndef _wcsnicmp
  return ((int*)(&_wcsnicmp))[argc];
#else
  (void)argc;
  return 0;
#endif
}
Determining if the fopen64 exist failed with the following output:
Change Dir: /Volumes/T7/code/raycast/build/CMakeFiles/CMakeScratch/TryCompile-cTBam0

Run Build Command(s):/usr/bin/make -f Makefile cmTC_88058/fast && /Applications/Xcode.app/Contents/Developer/usr/bin/make  -f CMakeFiles/cmTC_88058.dir/build.make CMakeFiles/cmTC_88058.dir/build
Building C object CMakeFiles/cmTC_88058.dir/CheckSymbolExists.c.o
/Applications/Xcode.app/Contents/Developer/Toolchains/XcodeDefault.xctoolchain/usr/bin/cc   -idirafter "/Volumes/T7/code/raycast/external/SDL/src/video/khronos"  -arch arm64 -isysroot /Applications/Xcode.app/Contents/Developer/Platforms/MacOSX.platform/Developer/SDKs/MacOSX13.1.sdk -mmacosx-version-min=12.6 -MD -MT CMakeFiles/cmTC_88058.dir/CheckSymbolExists.c.o -MF CMakeFiles/cmTC_88058.dir/CheckSymbolExists.c.o.d -o CMakeFiles/cmTC_88058.dir/CheckSymbolExists.c.o -c /Volumes/T7/code/raycast/build/CMakeFiles/CMakeScratch/TryCompile-cTBam0/CheckSymbolExists.c
/Volumes/T7/code/raycast/build/CMakeFiles/CMakeScratch/TryCompile-cTBam0/CheckSymbolExists.c:14:19: error: use of undeclared identifier 'fopen64'; did you mean 'fopen'?
  return ((int*)(&fopen64))[argc];
                  ^~~~~~~
                  fopen
/Applications/Xcode.app/Contents/Developer/Platforms/MacOSX.platform/Developer/SDKs/MacOSX13.1.sdk/usr/include/stdio.h:153:7: note: 'fopen' declared here
FILE    *fopen(const char * __restrict __filename, const char * __restrict __mode) __DARWIN_ALIAS_STARTING(__MAC_10_6, __IPHONE_2_0, __DARWIN_ALIAS(fopen));
         ^
1 error generated.
make[1]: *** [CMakeFiles/cmTC_88058.dir/CheckSymbolExists.c.o] Error 1
make: *** [cmTC_88058/fast] Error 2


File CheckSymbolExists.c:
/* */
#include <stddef.h>
#include <stdarg.h>
#include <stdlib.h>
#include <string.h>
#include <stdio.h>
#include <wchar.h>
#include <float.h>

int main(int argc, char** argv)
{
  (void)argv;
#ifndef fopen64
  return ((int*)(&fopen64))[argc];
#else
  (void)argc;
  return 0;
#endif
}
Determining if the fseeko64 exist failed with the following output:
Change Dir: /Volumes/T7/code/raycast/build/CMakeFiles/CMakeScratch/TryCompile-t3zeq6

Run Build Command(s):/usr/bin/make -f Makefile cmTC_3b093/fast && /Applications/Xcode.app/Contents/Developer/usr/bin/make  -f CMakeFiles/cmTC_3b093.dir/build.make CMakeFiles/cmTC_3b093.dir/build
Building C object CMakeFiles/cmTC_3b093.dir/CheckSymbolExists.c.o
/Applications/Xcode.app/Contents/Developer/Toolchains/XcodeDefault.xctoolchain/usr/bin/cc   -idirafter "/Volumes/T7/code/raycast/external/SDL/src/video/khronos"  -arch arm64 -isysroot /Applications/Xcode.app/Contents/Developer/Platforms/MacOSX.platform/Developer/SDKs/MacOSX13.1.sdk -mmacosx-version-min=12.6 -MD -MT CMakeFiles/cmTC_3b093.dir/CheckSymbolExists.c.o -MF CMakeFiles/cmTC_3b093.dir/CheckSymbolExists.c.o.d -o CMakeFiles/cmTC_3b093.dir/CheckSymbolExists.c.o -c /Volumes/T7/code/raycast/build/CMakeFiles/CMakeScratch/TryCompile-t3zeq6/CheckSymbolExists.c
/Volumes/T7/code/raycast/build/CMakeFiles/CMakeScratch/TryCompile-t3zeq6/CheckSymbolExists.c:14:19: error: use of undeclared identifier 'fseeko64'; did you mean 'fseeko'?
  return ((int*)(&fseeko64))[argc];
                  ^~~~~~~~
                  fseeko
/Applications/Xcode.app/Contents/Developer/Platforms/MacOSX.platform/Developer/SDKs/MacOSX13.1.sdk/usr/include/stdio.h:337:6: note: 'fseeko' declared here
int      fseeko(FILE * __stream, off_t __offset, int __whence);
         ^
1 error generated.
make[1]: *** [CMakeFiles/cmTC_3b093.dir/CheckSymbolExists.c.o] Error 1
make: *** [cmTC_3b093/fast] Error 2


File CheckSymbolExists.c:
/* */
#include <stddef.h>
#include <stdarg.h>
#include <stdlib.h>
#include <string.h>
#include <stdio.h>
#include <wchar.h>
#include <float.h>

int main(int argc, char** argv)
{
  (void)argv;
#ifndef fseeko64
  return ((int*)(&fseeko64))[argc];
#else
  (void)argc;
  return 0;
#endif
}
Determining if the getauxval exist failed with the following output:
Change Dir: /Volumes/T7/code/raycast/build/CMakeFiles/CMakeScratch/TryCompile-FYRP5v

Run Build Command(s):/usr/bin/make -f Makefile cmTC_a59ad/fast && /Applications/Xcode.app/Contents/Developer/usr/bin/make  -f CMakeFiles/cmTC_a59ad.dir/build.make CMakeFiles/cmTC_a59ad.dir/build
Building C object CMakeFiles/cmTC_a59ad.dir/CheckSymbolExists.c.o
/Applications/Xcode.app/Contents/Developer/Toolchains/XcodeDefault.xctoolchain/usr/bin/cc   -idirafter "/Volumes/T7/code/raycast/external/SDL/src/video/khronos"  -arch arm64 -isysroot /Applications/Xcode.app/Contents/Developer/Platforms/MacOSX.platform/Developer/SDKs/MacOSX13.1.sdk -mmacosx-version-min=12.6 -MD -MT CMakeFiles/cmTC_a59ad.dir/CheckSymbolExists.c.o -MF CMakeFiles/cmTC_a59ad.dir/CheckSymbolExists.c.o.d -o CMakeFiles/cmTC_a59ad.dir/CheckSymbolExists.c.o -c /Volumes/T7/code/raycast/build/CMakeFiles/CMakeScratch/TryCompile-FYRP5v/CheckSymbolExists.c
/Volumes/T7/code/raycast/build/CMakeFiles/CMakeScratch/TryCompile-FYRP5v/CheckSymbolExists.c:2:10: fatal error: 'sys/auxv.h' file not found
#include <sys/auxv.h>
         ^~~~~~~~~~~~
1 error generated.
make[1]: *** [CMakeFiles/cmTC_a59ad.dir/CheckSymbolExists.c.o] Error 1
make: *** [cmTC_a59ad/fast] Error 2


File CheckSymbolExists.c:
/* */
#include <sys/auxv.h>

int main(int argc, char** argv)
{
  (void)argv;
#ifndef getauxval
  return ((int*)(&getauxval))[argc];
#else
  (void)argc;
  return 0;
#endif
}
Determining if the elf_aux_info exist failed with the following output:
Change Dir: /Volumes/T7/code/raycast/build/CMakeFiles/CMakeScratch/TryCompile-XbOyhs

Run Build Command(s):/usr/bin/make -f Makefile cmTC_83f12/fast && /Applications/Xcode.app/Contents/Developer/usr/bin/make  -f CMakeFiles/cmTC_83f12.dir/build.make CMakeFiles/cmTC_83f12.dir/build
Building C object CMakeFiles/cmTC_83f12.dir/CheckSymbolExists.c.o
/Applications/Xcode.app/Contents/Developer/Toolchains/XcodeDefault.xctoolchain/usr/bin/cc   -idirafter "/Volumes/T7/code/raycast/external/SDL/src/video/khronos"  -arch arm64 -isysroot /Applications/Xcode.app/Contents/Developer/Platforms/MacOSX.platform/Developer/SDKs/MacOSX13.1.sdk -mmacosx-version-min=12.6 -MD -MT CMakeFiles/cmTC_83f12.dir/CheckSymbolExists.c.o -MF CMakeFiles/cmTC_83f12.dir/CheckSymbolExists.c.o.d -o CMakeFiles/cmTC_83f12.dir/CheckSymbolExists.c.o -c /Volumes/T7/code/raycast/build/CMakeFiles/CMakeScratch/TryCompile-XbOyhs/CheckSymbolExists.c
/Volumes/T7/code/raycast/build/CMakeFiles/CMakeScratch/TryCompile-XbOyhs/CheckSymbolExists.c:2:10: fatal error: 'sys/auxv.h' file not found
#include <sys/auxv.h>
         ^~~~~~~~~~~~
1 error generated.
make[1]: *** [CMakeFiles/cmTC_83f12.dir/CheckSymbolExists.c.o] Error 1
make: *** [cmTC_83f12/fast] Error 2


File CheckSymbolExists.c:
/* */
#include <sys/auxv.h>

int main(int argc, char** argv)
{
  (void)argv;
#ifndef elf_aux_info
  return ((int*)(&elf_aux_info))[argc];
#else
  (void)argc;
  return 0;
#endif
}
Performing C SOURCE FILE Test HAVE_SEM_TIMEDWAIT failed with the following output:
Change Dir: /Volumes/T7/code/raycast/build/CMakeFiles/CMakeScratch/TryCompile-fEtdR5

Run Build Command(s):/usr/bin/make -f Makefile cmTC_6cc28/fast && /Applications/Xcode.app/Contents/Developer/usr/bin/make  -f CMakeFiles/cmTC_6cc28.dir/build.make CMakeFiles/cmTC_6cc28.dir/build
Building C object CMakeFiles/cmTC_6cc28.dir/src.c.o
/Applications/Xcode.app/Contents/Developer/Toolchains/XcodeDefault.xctoolchain/usr/bin/cc -DHAVE_SEM_TIMEDWAIT  -idirafter "/Volumes/T7/code/raycast/external/SDL/src/video/khronos"  -D_THREAD_SAFE -arch arm64 -isysroot /Applications/Xcode.app/Contents/Developer/Platforms/MacOSX.platform/Developer/SDKs/MacOSX13.1.sdk -mmacosx-version-min=12.6 -MD -MT CMakeFiles/cmTC_6cc28.dir/src.c.o -MF CMakeFiles/cmTC_6cc28.dir/src.c.o.d -o CMakeFiles/cmTC_6cc28.dir/src.c.o -c /Volumes/T7/code/raycast/build/CMakeFiles/CMakeScratch/TryCompile-fEtdR5/src.c
/Volumes/T7/code/raycast/build/CMakeFiles/CMakeScratch/TryCompile-fEtdR5/src.c:5:19: error: implicit declaration of function 'sem_timedwait' is invalid in C99 [-Werror,-Wimplicit-function-declaration]
                  sem_timedwait(NULL, NULL);
                  ^
/Volumes/T7/code/raycast/build/CMakeFiles/CMakeScratch/TryCompile-fEtdR5/src.c:5:19: note: did you mean 'sem_trywait'?
/Applications/Xcode.app/Contents/Developer/Platforms/MacOSX.platform/Developer/SDKs/MacOSX13.1.sdk/usr/include/sys/semaphore.h:58:5: note: 'sem_trywait' declared here
int sem_trywait(sem_t *);
    ^
1 error generated.
make[1]: *** [CMakeFiles/cmTC_6cc28.dir/src.c.o] Error 1
make: *** [cmTC_6cc28/fast] Error 2


Source file was:

              #include <pthread.h>
              #include <semaphore.h>
              int main(int argc, char **argv) {
                  sem_timedwait(NULL, NULL);
                  return 0;
              }

Determining if files pthread_np.h exist failed with the following output:
Change Dir: /Volumes/T7/code/raycast/build/CMakeFiles/CMakeScratch/TryCompile-LATG0v

Run Build Command(s):/usr/bin/make -f Makefile cmTC_77583/fast && /Applications/Xcode.app/Contents/Developer/usr/bin/make  -f CMakeFiles/cmTC_77583.dir/build.make CMakeFiles/cmTC_77583.dir/build
Building C object CMakeFiles/cmTC_77583.dir/HAVE_PTHREAD_NP_H.c.o
/Applications/Xcode.app/Contents/Developer/Toolchains/XcodeDefault.xctoolchain/usr/bin/cc   -idirafter "/Volumes/T7/code/raycast/external/SDL/src/video/khronos"  -D_THREAD_SAFE -arch arm64 -isysroot /Applications/Xcode.app/Contents/Developer/Platforms/MacOSX.platform/Developer/SDKs/MacOSX13.1.sdk -mmacosx-version-min=12.6 -MD -MT CMakeFiles/cmTC_77583.dir/HAVE_PTHREAD_NP_H.c.o -MF CMakeFiles/cmTC_77583.dir/HAVE_PTHREAD_NP_H.c.o.d -o CMakeFiles/cmTC_77583.dir/HAVE_PTHREAD_NP_H.c.o -c /Volumes/T7/code/raycast/build/CMakeFiles/CMakeScratch/TryCompile-LATG0v/HAVE_PTHREAD_NP_H.c
/Volumes/T7/code/raycast/build/CMakeFiles/CMakeScratch/TryCompile-LATG0v/HAVE_PTHREAD_NP_H.c:2:10: fatal error: 'pthread_np.h' file not found
#include <pthread_np.h>
         ^~~~~~~~~~~~~~
1 error generated.
make[1]: *** [CMakeFiles/cmTC_77583.dir/HAVE_PTHREAD_NP_H.c.o] Error 1
make: *** [cmTC_77583/fast] Error 2


Source:
/* */
#include <pthread_np.h>


int main(void){return 0;}

Performing C SOURCE FILE Test HAVE_PTHREAD_SETNAME_NP failed with the following output:
Change Dir: /Volumes/T7/code/raycast/build/CMakeFiles/CMakeScratch/TryCompile-oaZMf2

Run Build Command(s):/usr/bin/make -f Makefile cmTC_a69d7/fast && /Applications/Xcode.app/Contents/Developer/usr/bin/make  -f CMakeFiles/cmTC_a69d7.dir/build.make CMakeFiles/cmTC_a69d7.dir/build
Building C object CMakeFiles/cmTC_a69d7.dir/src.c.o
/Applications/Xcode.app/Contents/Developer/Toolchains/XcodeDefault.xctoolchain/usr/bin/cc -DHAVE_PTHREAD_SETNAME_NP  -idirafter "/Volumes/T7/code/raycast/external/SDL/src/video/khronos"  -D_THREAD_SAFE -arch arm64 -isysroot /Applications/Xcode.app/Contents/Developer/Platforms/MacOSX.platform/Developer/SDKs/MacOSX13.1.sdk -mmacosx-version-min=12.6 -MD -MT CMakeFiles/cmTC_a69d7.dir/src.c.o -MF CMakeFiles/cmTC_a69d7.dir/src.c.o.d -o CMakeFiles/cmTC_a69d7.dir/src.c.o -c /Volumes/T7/code/raycast/build/CMakeFiles/CMakeScratch/TryCompile-oaZMf2/src.c
/Volumes/T7/code/raycast/build/CMakeFiles/CMakeScratch/TryCompile-oaZMf2/src.c:5:50: error: too many arguments to function call, expected 1, have 2
              pthread_setname_np(pthread_self(), "");
              ~~~~~~~~~~~~~~~~~~                 ^~
/Applications/Xcode.app/Contents/Developer/Platforms/MacOSX.platform/Developer/SDKs/MacOSX13.1.sdk/usr/include/pthread.h:535:5: note: 'pthread_setname_np' declared here
int     pthread_setname_np(const char*);
        ^
1 error generated.
make[1]: *** [CMakeFiles/cmTC_a69d7.dir/src.c.o] Error 1
make: *** [cmTC_a69d7/fast] Error 2


Source file was:

            #define _GNU_SOURCE 1
            #include <pthread.h>
            int main(int argc, char **argv) {
              pthread_setname_np(pthread_self(), "");
              return 0;
            }

